# JRE version: OpenJDK Runtime Environment Corretto-21.0.7.6.1 (21.0.7+6) (build 21.0.7+6-LTS)
# Java VM: OpenJDK 64-Bit Server VM Corretto-21.0.7.6.1 (21.0.7+6-LTS, mixed mode, emulated-client, sharing, tiered, compressed oops, compressed class ptrs, g1 gc, windows-amd64)
GC Precious Log:
 CardTable entry size: 512
 Card Set container configuration: InlinePtr #cards 4 size 8 Array Of Cards #cards 16 size 48 Howl #buckets 8 coarsen threshold 3686 Howl Bitmap #cards 512 size 80 coarsen threshold 460 Card regions per heap region 1 cards per card region 4096
 CPUs: 12 total, 12 available
 Memory: 15182M
 Large Page Support: Disabled
 NUMA Support: Disabled
 Compressed Oops: Enabled (Zero based)
 Heap Region Size: 2M
 Heap Min Capacity: 8M
 Heap Initial Capacity: 238M
 Heap Max Capacity: 3796M
 Pre-touch: Disabled
 Parallel Workers: 10
 Concurrent Workers: 3
 Concurrent Refinement Workers: 10
 Periodic GC: Disabled
Heap:
 garbage-first heap   total 90112K, used 51595K [0x0000000712c00000, 0x0000000800000000)
  region size 2048K, 6 young (12288K), 3 survivors (6144K)
 Metaspace       used 89466K, committed 90432K, reserved 1179648K
  class space    used 13647K, committed 14080K, reserved 1048576K
GC Heap History (20 events):
Event: 3.466 GC heap before
{Heap before GC invocations=11 (full 0):
 garbage-first heap   total 73728K, used 60946K [0x0000000712c00000, 0x0000000800000000)
  region size 2048K, 18 young (36864K), 3 survivors (6144K)
 Metaspace       used 52811K, committed 53568K, reserved 1114112K
  class space    used 7477K, committed 7808K, reserved 1048576K
}
Event: 3.469 GC heap after
{Heap after GC invocations=12 (full 0):
 garbage-first heap   total 73728K, used 31992K [0x0000000712c00000, 0x0000000800000000)
  region size 2048K, 3 young (6144K), 3 survivors (6144K)
 Metaspace       used 52811K, committed 53568K, reserved 1114112K
  class space    used 7477K, committed 7808K, reserved 1048576K
}
Event: 3.579 GC heap before
{Heap before GC invocations=12 (full 0):
 garbage-first heap   total 73728K, used 42232K [0x0000000712c00000, 0x0000000800000000)
  region size 2048K, 8 young (16384K), 3 survivors (6144K)
 Metaspace       used 55124K, committed 55808K, reserved 1114112K
  class space    used 7822K, committed 8128K, reserved 1048576K
}
Event: 3.581 GC heap after
{Heap after GC invocations=13 (full 0):
 garbage-first heap   total 73728K, used 34551K [0x0000000712c00000, 0x0000000800000000)
  region size 2048K, 2 young (4096K), 2 survivors (4096K)
 Metaspace       used 55124K, committed 55808K, reserved 1114112K
  class space    used 7822K, committed 8128K, reserved 1048576K
}
Event: 3.955 GC heap before
{Heap before GC invocations=14 (full 0):
 garbage-first heap   total 73728K, used 59127K [0x0000000712c00000, 0x0000000800000000)
  region size 2048K, 15 young (30720K), 2 survivors (4096K)
 Metaspace       used 61205K, committed 61952K, reserved 1114112K
  class space    used 8751K, committed 9088K, reserved 1048576K
}
Event: 3.957 GC heap after
{Heap after GC invocations=15 (full 0):
 garbage-first heap   total 73728K, used 35582K [0x0000000712c00000, 0x0000000800000000)
  region size 2048K, 2 young (4096K), 2 survivors (4096K)
 Metaspace       used 61205K, committed 61952K, reserved 1114112K
  class space    used 8751K, committed 9088K, reserved 1048576K
}
Event: 4.319 GC heap before
{Heap before GC invocations=15 (full 0):
 garbage-first heap   total 73728K, used 60158K [0x0000000712c00000, 0x0000000800000000)
  region size 2048K, 15 young (30720K), 2 survivors (4096K)
 Metaspace       used 66409K, committed 67136K, reserved 1114112K
  class space    used 9544K, committed 9856K, reserved 1048576K
}
Event: 4.322 GC heap after
{Heap after GC invocations=16 (full 0):
 garbage-first heap   total 73728K, used 36173K [0x0000000712c00000, 0x0000000800000000)
  region size 2048K, 2 young (4096K), 2 survivors (4096K)
 Metaspace       used 66409K, committed 67136K, reserved 1114112K
  class space    used 9544K, committed 9856K, reserved 1048576K
}
Event: 4.639 GC heap before
{Heap before GC invocations=16 (full 0):
 garbage-first heap   total 73728K, used 58701K [0x0000000712c00000, 0x0000000800000000)
  region size 2048K, 14 young (28672K), 2 survivors (4096K)
 Metaspace       used 71192K, committed 72000K, reserved 1114112K
  class space    used 10199K, committed 10560K, reserved 1048576K
}
Event: 4.642 GC heap after
{Heap after GC invocations=17 (full 0):
 garbage-first heap   total 73728K, used 38329K [0x0000000712c00000, 0x0000000800000000)
  region size 2048K, 2 young (4096K), 2 survivors (4096K)
 Metaspace       used 71192K, committed 72000K, reserved 1114112K
  class space    used 10199K, committed 10560K, reserved 1048576K
}
Event: 4.887 GC heap before
{Heap before GC invocations=18 (full 0):
 garbage-first heap   total 73728K, used 60857K [0x0000000712c00000, 0x0000000800000000)
  region size 2048K, 13 young (26624K), 2 survivors (4096K)
 Metaspace       used 73522K, committed 74304K, reserved 1114112K
  class space    used 10749K, committed 11072K, reserved 1048576K
}
Event: 4.890 GC heap after
{Heap after GC invocations=19 (full 0):
 garbage-first heap   total 73728K, used 40117K [0x0000000712c00000, 0x0000000800000000)
  region size 2048K, 1 young (2048K), 1 survivors (2048K)
 Metaspace       used 73522K, committed 74304K, reserved 1114112K
  class space    used 10749K, committed 11072K, reserved 1048576K
}
Event: 5.035 GC heap before
{Heap before GC invocations=19 (full 0):
 garbage-first heap   total 73728K, used 62645K [0x0000000712c00000, 0x0000000800000000)
  region size 2048K, 13 young (26624K), 1 survivors (2048K)
 Metaspace       used 75314K, committed 76096K, reserved 1114112K
  class space    used 11127K, committed 11456K, reserved 1048576K
}
Event: 5.039 GC heap after
{Heap after GC invocations=20 (full 0):
 garbage-first heap   total 73728K, used 41209K [0x0000000712c00000, 0x0000000800000000)
  region size 2048K, 2 young (4096K), 2 survivors (4096K)
 Metaspace       used 75314K, committed 76096K, reserved 1114112K
  class space    used 11127K, committed 11456K, reserved 1048576K
}
Event: 5.092 GC heap before
{Heap before GC invocations=20 (full 0):
 garbage-first heap   total 73728K, used 59641K [0x0000000712c00000, 0x0000000800000000)
  region size 2048K, 12 young (24576K), 2 survivors (4096K)
 Metaspace       used 76206K, committed 76928K, reserved 1114112K
  class space    used 11207K, committed 11520K, reserved 1048576K
}
Event: 5.093 GC heap after
{Heap after GC invocations=21 (full 0):
 garbage-first heap   total 90112K, used 41787K [0x0000000712c00000, 0x0000000800000000)
  region size 2048K, 1 young (2048K), 1 survivors (2048K)
 Metaspace       used 76206K, committed 76928K, reserved 1114112K
  class space    used 11207K, committed 11520K, reserved 1048576K
}
Event: 5.577 GC heap before
{Heap before GC invocations=22 (full 0):
 garbage-first heap   total 90112K, used 80699K [0x0000000712c00000, 0x0000000800000000)
  region size 2048K, 20 young (40960K), 1 survivors (2048K)
 Metaspace       used 82373K, committed 83264K, reserved 1179648K
  class space    used 12288K, committed 12672K, reserved 1048576K
}
Event: 5.579 GC heap after
{Heap after GC invocations=23 (full 0):
 garbage-first heap   total 90112K, used 44061K [0x0000000712c00000, 0x0000000800000000)
  region size 2048K, 2 young (4096K), 2 survivors (4096K)
 Metaspace       used 82373K, committed 83264K, reserved 1179648K
  class space    used 12288K, committed 12672K, reserved 1048576K
}
Event: 8.263 GC heap before
{Heap before GC invocations=23 (full 0):
 garbage-first heap   total 90112K, used 76829K [0x0000000712c00000, 0x0000000800000000)
  region size 2048K, 19 young (38912K), 2 survivors (4096K)
 Metaspace       used 89345K, committed 90304K, reserved 1179648K
  class space    used 13624K, committed 14080K, reserved 1048576K
}
Event: 8.269 GC heap after
{Heap after GC invocations=24 (full 0):
 garbage-first heap   total 90112K, used 47499K [0x0000000712c00000, 0x0000000800000000)
  region size 2048K, 3 young (6144K), 3 survivors (6144K)
 Metaspace       used 89345K, committed 90304K, reserved 1179648K
  class space    used 13624K, committed 14080K, reserved 1048576K
}

